<?xml version="1.0" encoding="UTF-8"?>
<!-- Generated by org.testng.reporters.JUnitXMLReporter -->
<testsuite hostname="PABLOF" ignored="0" name="Default test" tests="3" failures="0" timestamp="2020-08-07T19:47:03 UYT" time="48.242" errors="0">
  <testcase name="correctCredentials" time="3.822" classname="Tests.LoginTest"/>
  <testcase name="noPassword" time="1.197" classname="Tests.LoginTest"/>
  <testcase name="wrongCredentials" time="1.695" classname="Tests.LoginTest"/>
</testsuite> <!-- Default test -->
