<?xml version="1.0" encoding="UTF-8"?>
<!-- Generated by org.testng.reporters.JUnitXMLReporter -->
<testsuite hostname="PABLOF" ignored="0" name="Default test" tests="3" failures="0" timestamp="2020-08-14T12:22:22 UYT" time="94.667" errors="0">
  <testcase name="correctFilledFields" time="37.869" classname="Tests.ValidationRuleTest"/>
  <testcase name="noRequiredField" time="30.329" classname="Tests.ValidationRuleTest"/>
  <testcase name="wrongFormulaText" time="26.415" classname="Tests.ValidationRuleTest"/>
</testsuite> <!-- Default test -->
