<?xml version="1.0" encoding="UTF-8"?>
<!-- Generated by org.testng.reporters.JUnitXMLReporter -->
<testsuite hostname="PABLOF" ignored="2" name="Test" tests="4" failures="0" timestamp="2020-08-14T12:27:59 UYT" time="43.87" errors="0">
  <testcase name="noPassword" time="20.35" classname="Tests.LoginTest"/>
  <testcase name="wrongCredentials" time="20.982" classname="Tests.LoginTest"/>
  <testcase name="noRequiredField" time="43.273" classname="Tests.ValidationRuleTest"/>
  <testcase name="wrongFormulaText" time="43.807" classname="Tests.ValidationRuleTest"/>
  <testcase name="correctFilledFields" time="0.0" classname="Tests.ValidationRuleTest">
    <ignored/>
  </testcase> <!-- correctFilledFields -->
  <testcase name="correctCredentials" time="0.0" classname="Tests.LoginTest">
    <ignored/>
  </testcase> <!-- correctCredentials -->
</testsuite> <!-- Test -->
