<?xml version="1.0" encoding="UTF-8"?>
<testng-results skipped="0" failed="0" ignored="2" total="3" passed="1">
  <reporter-output>
  </reporter-output>
  <suite name="Default suite" duration-ms="36585" started-at="2020-08-12T18:01:44 UYT" finished-at="2020-08-12T18:02:20 UYT">
    <groups>
    </groups>
    <test name="Default test" duration-ms="36585" started-at="2020-08-12T18:01:44 UYT" finished-at="2020-08-12T18:02:20 UYT">
      <class name="Tests.ValidationRuleTest">
        <test-method status="PASS" signature="initValidationRuleProperties()[pri:0, instance:Tests.ValidationRuleTest@2a742aa2]" name="initValidationRuleProperties" is-config="true" duration-ms="15" started-at="2020-08-12T18:01:44 UYT" finished-at="2020-08-12T18:01:44 UYT">
          <reporter-output>
          </reporter-output>
        </test-method> <!-- initValidationRuleProperties -->
        <test-method status="PASS" signature="initializeDriverAndLoginPage()[pri:0, instance:Tests.ValidationRuleTest@2a742aa2]" name="initializeDriverAndLoginPage" is-config="true" duration-ms="29548" started-at="2020-08-12T18:01:44 UYT" finished-at="2020-08-12T18:02:13 UYT">
          <reporter-output>
          </reporter-output>
        </test-method> <!-- initializeDriverAndLoginPage -->
        <test-method status="PASS" signature="correctFilledFields()[pri:2, instance:Tests.ValidationRuleTest@2a742aa2]" name="correctFilledFields" duration-ms="6960" started-at="2020-08-12T18:02:13 UYT" finished-at="2020-08-12T18:02:20 UYT">
          <reporter-output>
          </reporter-output>
        </test-method> <!-- correctFilledFields -->
        <test-method status="PASS" signature="closeDriver()[pri:0, instance:Tests.ValidationRuleTest@2a742aa2]" name="closeDriver" is-config="true" duration-ms="1" started-at="2020-08-12T18:02:20 UYT" finished-at="2020-08-12T18:02:20 UYT">
          <reporter-output>
          </reporter-output>
        </test-method> <!-- closeDriver -->
      </class> <!-- Tests.ValidationRuleTest -->
    </test> <!-- Default test -->
  </suite> <!-- Default suite -->
</testng-results>
