<?xml version="1.0" encoding="UTF-8"?>
<testng-results skipped="0" failed="1" ignored="0" total="3" passed="2">
  <reporter-output>
  </reporter-output>
  <suite name="Default suite" duration-ms="90542" started-at="2020-08-12T09:24:01 UYT" finished-at="2020-08-12T09:25:32 UYT">
    <groups>
    </groups>
    <test name="Default test" duration-ms="90542" started-at="2020-08-12T09:24:01 UYT" finished-at="2020-08-12T09:25:32 UYT">
      <class name="Tests.ValidationRuleTest">
        <test-method status="PASS" signature="initValidationRuleProperties()[pri:0, instance:Tests.ValidationRuleTest@2a556333]" name="initValidationRuleProperties" is-config="true" duration-ms="12" started-at="2020-08-12T09:24:01 UYT" finished-at="2020-08-12T09:24:01 UYT">
          <reporter-output>
          </reporter-output>
        </test-method> <!-- initValidationRuleProperties -->
        <test-method status="PASS" signature="initializeDriverAndLoginPage()[pri:0, instance:Tests.ValidationRuleTest@2a556333]" name="initializeDriverAndLoginPage" is-config="true" duration-ms="23848" started-at="2020-08-12T09:24:01 UYT" finished-at="2020-08-12T09:24:25 UYT">
          <reporter-output>
          </reporter-output>
        </test-method> <!-- initializeDriverAndLoginPage -->
        <test-method status="PASS" signature="noRequiredField()[pri:0, instance:Tests.ValidationRuleTest@2a556333]" name="noRequiredField" duration-ms="7145" started-at="2020-08-12T09:24:25 UYT" finished-at="2020-08-12T09:24:32 UYT">
          <reporter-output>
          </reporter-output>
        </test-method> <!-- noRequiredField -->
        <test-method status="PASS" signature="closeDriver()[pri:0, instance:Tests.ValidationRuleTest@2a556333]" name="closeDriver" is-config="true" duration-ms="0" started-at="2020-08-12T09:24:32 UYT" finished-at="2020-08-12T09:24:32 UYT">
          <reporter-output>
          </reporter-output>
        </test-method> <!-- closeDriver -->
        <test-method status="PASS" signature="initializeDriverAndLoginPage()[pri:0, instance:Tests.ValidationRuleTest@2a556333]" name="initializeDriverAndLoginPage" is-config="true" duration-ms="23414" started-at="2020-08-12T09:24:32 UYT" finished-at="2020-08-12T09:24:56 UYT">
          <reporter-output>
          </reporter-output>
        </test-method> <!-- initializeDriverAndLoginPage -->
        <test-method status="PASS" signature="wrongFormulaText()[pri:1, instance:Tests.ValidationRuleTest@2a556333]" name="wrongFormulaText" duration-ms="6707" started-at="2020-08-12T09:24:56 UYT" finished-at="2020-08-12T09:25:02 UYT">
          <reporter-output>
          </reporter-output>
        </test-method> <!-- wrongFormulaText -->
        <test-method status="PASS" signature="closeDriver()[pri:0, instance:Tests.ValidationRuleTest@2a556333]" name="closeDriver" is-config="true" duration-ms="1" started-at="2020-08-12T09:25:02 UYT" finished-at="2020-08-12T09:25:02 UYT">
          <reporter-output>
          </reporter-output>
        </test-method> <!-- closeDriver -->
        <test-method status="PASS" signature="initializeDriverAndLoginPage()[pri:0, instance:Tests.ValidationRuleTest@2a556333]" name="initializeDriverAndLoginPage" is-config="true" duration-ms="25140" started-at="2020-08-12T09:25:02 UYT" finished-at="2020-08-12T09:25:28 UYT">
          <reporter-output>
          </reporter-output>
        </test-method> <!-- initializeDriverAndLoginPage -->
        <test-method status="FAIL" signature="correctFilledFields()[pri:2, instance:Tests.ValidationRuleTest@2a556333]" name="correctFilledFields" duration-ms="4218" started-at="2020-08-12T09:25:28 UYT" finished-at="2020-08-12T09:25:32 UYT">
          <exception class="org.openqa.selenium.WebDriverException">
            <message>
              <![CDATA[TypeError: can't access dead object
Build info: version: '4.0.0-alpha-6', revision: '5f43a29cfc'
System info: host: 'PABLOF', ip: '172.20.10.4', os.name: 'Windows 10', os.arch: 'amd64', os.version: '10.0', java.version: '1.8.0_261'
Driver info: org.openqa.selenium.firefox.FirefoxDriver
Capabilities {acceptInsecureCerts: true, browserName: firefox, browserVersion: 78.0.2, javascriptEnabled: true, moz:accessibilityChecks: false, moz:buildID: 20200708170202, moz:geckodriverVersion: 0.26.0, moz:headless: false, moz:processID: 20736, moz:profile: C:\Users\pablo\AppData\Loca..., moz:shutdownTimeout: 60000, moz:useNonSpecCompliantPointerOrigin: false, moz:webdriverClick: true, pageLoadStrategy: normal, platform: WINDOWS, platformName: WINDOWS, platformVersion: 10.0, rotatable: false, setWindowRect: true, strictFileInteractability: false, timeouts: {implicit: 0, pageLoad: 300000, script: 30000}, unhandledPromptBehavior: dismiss and notify}
Session ID: b0794eb7-d7c3-4016-9d55-a9cf0c1f592e
*** Element info: {Using=xpath, value=//*[@id="topButtonRow"]/input[1]}]]>
            </message>
            <full-stacktrace>
              <![CDATA[org.openqa.selenium.WebDriverException: TypeError: can't access dead object
Build info: version: '4.0.0-alpha-6', revision: '5f43a29cfc'
System info: host: 'PABLOF', ip: '172.20.10.4', os.name: 'Windows 10', os.arch: 'amd64', os.version: '10.0', java.version: '1.8.0_261'
Driver info: org.openqa.selenium.firefox.FirefoxDriver
Capabilities {acceptInsecureCerts: true, browserName: firefox, browserVersion: 78.0.2, javascriptEnabled: true, moz:accessibilityChecks: false, moz:buildID: 20200708170202, moz:geckodriverVersion: 0.26.0, moz:headless: false, moz:processID: 20736, moz:profile: C:\Users\pablo\AppData\Loca..., moz:shutdownTimeout: 60000, moz:useNonSpecCompliantPointerOrigin: false, moz:webdriverClick: true, pageLoadStrategy: normal, platform: WINDOWS, platformName: WINDOWS, platformVersion: 10.0, rotatable: false, setWindowRect: true, strictFileInteractability: false, timeouts: {implicit: 0, pageLoad: 300000, script: 30000}, unhandledPromptBehavior: dismiss and notify}
Session ID: b0794eb7-d7c3-4016-9d55-a9cf0c1f592e
*** Element info: {Using=xpath, value=//*[@id="topButtonRow"]/input[1]}
at sun.reflect.NativeConstructorAccessorImpl.newInstance0(Native Method)
at sun.reflect.NativeConstructorAccessorImpl.newInstance(Unknown Source)
at sun.reflect.DelegatingConstructorAccessorImpl.newInstance(Unknown Source)
at java.lang.reflect.Constructor.newInstance(Unknown Source)
at org.openqa.selenium.remote.codec.w3c.W3CHttpResponseCodec.createException(W3CHttpResponseCodec.java:196)
at org.openqa.selenium.remote.codec.w3c.W3CHttpResponseCodec.decode(W3CHttpResponseCodec.java:129)
at org.openqa.selenium.remote.codec.w3c.W3CHttpResponseCodec.decode(W3CHttpResponseCodec.java:53)
at org.openqa.selenium.remote.HttpCommandExecutor.execute(HttpCommandExecutor.java:160)
at org.openqa.selenium.remote.service.DriverCommandExecutor.execute(DriverCommandExecutor.java:83)
at org.openqa.selenium.remote.RemoteWebDriver.execute(RemoteWebDriver.java:582)
at org.openqa.selenium.remote.RemoteWebDriver.findElement(RemoteWebDriver.java:333)
at org.openqa.selenium.remote.RemoteWebDriver.findElementByXPath(RemoteWebDriver.java:451)
at org.openqa.selenium.By$ByXPath.findElement(By.java:394)
at org.openqa.selenium.remote.RemoteWebDriver.findElement(RemoteWebDriver.java:325)
at org.openqa.selenium.support.pagefactory.DefaultElementLocator.findElement(DefaultElementLocator.java:70)
at org.openqa.selenium.support.pagefactory.internal.LocatingElementHandler.invoke(LocatingElementHandler.java:39)
at com.sun.proxy.$Proxy14.isDisplayed(Unknown Source)
at domain.ObjectManager.Capabilities.ValidationRule.checkEditButton(ValidationRule.java:38)
at Tests.ValidationRuleTest.correctFilledFields(ValidationRuleTest.java:90)
at sun.reflect.NativeMethodAccessorImpl.invoke0(Native Method)
at sun.reflect.NativeMethodAccessorImpl.invoke(Unknown Source)
at sun.reflect.DelegatingMethodAccessorImpl.invoke(Unknown Source)
at java.lang.reflect.Method.invoke(Unknown Source)
at org.testng.internal.MethodInvocationHelper.invokeMethod(MethodInvocationHelper.java:132)
at org.testng.internal.TestInvoker.invokeMethod(TestInvoker.java:599)
at org.testng.internal.TestInvoker.invokeTestMethod(TestInvoker.java:174)
at org.testng.internal.MethodRunner.runInSequence(MethodRunner.java:46)
at org.testng.internal.TestInvoker$MethodInvocationAgent.invoke(TestInvoker.java:822)
at org.testng.internal.TestInvoker.invokeTestMethods(TestInvoker.java:147)
at org.testng.internal.TestMethodWorker.invokeTestMethods(TestMethodWorker.java:146)
at org.testng.internal.TestMethodWorker.run(TestMethodWorker.java:128)
at java.util.ArrayList.forEach(Unknown Source)
at org.testng.TestRunner.privateRun(TestRunner.java:764)
at org.testng.TestRunner.run(TestRunner.java:585)
at org.testng.SuiteRunner.runTest(SuiteRunner.java:384)
at org.testng.SuiteRunner.runSequentially(SuiteRunner.java:378)
at org.testng.SuiteRunner.privateRun(SuiteRunner.java:337)
at org.testng.SuiteRunner.run(SuiteRunner.java:286)
at org.testng.SuiteRunnerWorker.runSuite(SuiteRunnerWorker.java:53)
at org.testng.SuiteRunnerWorker.run(SuiteRunnerWorker.java:96)
at org.testng.TestNG.runSuitesSequentially(TestNG.java:1218)
at org.testng.TestNG.runSuitesLocally(TestNG.java:1140)
at org.testng.TestNG.runSuites(TestNG.java:1069)
at org.testng.TestNG.run(TestNG.java:1037)
at org.testng.remote.AbstractRemoteTestNG.run(AbstractRemoteTestNG.java:115)
at org.testng.remote.RemoteTestNG.initAndRun(RemoteTestNG.java:251)
at org.testng.remote.RemoteTestNG.main(RemoteTestNG.java:77)
]]>
            </full-stacktrace>
          </exception> <!-- org.openqa.selenium.WebDriverException -->
          <reporter-output>
          </reporter-output>
        </test-method> <!-- correctFilledFields -->
        <test-method status="PASS" signature="closeDriver()[pri:0, instance:Tests.ValidationRuleTest@2a556333]" name="closeDriver" is-config="true" duration-ms="0" started-at="2020-08-12T09:25:32 UYT" finished-at="2020-08-12T09:25:32 UYT">
          <reporter-output>
          </reporter-output>
        </test-method> <!-- closeDriver -->
      </class> <!-- Tests.ValidationRuleTest -->
    </test> <!-- Default test -->
  </suite> <!-- Default suite -->
</testng-results>
