<?xml version="1.0" encoding="UTF-8"?>
<testng-results skipped="0" failed="0" ignored="0" total="2" passed="2">
  <reporter-output>
  </reporter-output>
  <suite name="Default suite" duration-ms="42906" started-at="2020-08-18T12:22:20 UYT" finished-at="2020-08-18T12:23:03 UYT">
    <groups>
    </groups>
    <test name="Default test" duration-ms="42906" started-at="2020-08-18T12:22:20 UYT" finished-at="2020-08-18T12:23:03 UYT">
      <class name="Tests.ExerciseLocatorPrinter">
        <test-method status="PASS" signature="printLoginLocator()[pri:0, instance:Tests.ExerciseLocatorPrinter@7a765367]" name="printLoginLocator" duration-ms="7801" started-at="2020-08-18T12:22:20 UYT" finished-at="2020-08-18T12:22:28 UYT">
          <reporter-output>
          </reporter-output>
        </test-method> <!-- printLoginLocator -->
        <test-method status="PASS" signature="printVRuleLocator()[pri:0, instance:Tests.ExerciseLocatorPrinter@7a765367]" name="printVRuleLocator" duration-ms="35064" started-at="2020-08-18T12:22:28 UYT" finished-at="2020-08-18T12:23:03 UYT">
          <reporter-output>
          </reporter-output>
        </test-method> <!-- printVRuleLocator -->
      </class> <!-- Tests.ExerciseLocatorPrinter -->
    </test> <!-- Default test -->
  </suite> <!-- Default suite -->
</testng-results>
