<?xml version="1.0" encoding="UTF-8"?>
<testng-results ignored="2" total="3" passed="1" failed="0" skipped="0">
  <reporter-output>
  </reporter-output>
  <suite started-at="2020-08-14T18:12:02 UYT" name="Default suite" finished-at="2020-08-14T18:12:19 UYT" duration-ms="17008">
    <groups>
      <group name="Funtional">
        <method signature="LoginTest.correctCredentials()[pri:0, instance:Tests.LoginTest@60d8c9b7]" name="correctCredentials" class="Tests.LoginTest"/>
      </group> <!-- Funtional -->
    </groups>
    <test started-at="2020-08-14T18:12:02 UYT" name="Default test" finished-at="2020-08-14T18:12:19 UYT" duration-ms="17008">
      <class name="Tests.LoginTest">
        <test-method signature="correctCredentials()[pri:0, instance:Tests.LoginTest@60d8c9b7]" started-at="2020-08-14T18:12:02 UYT" name="correctCredentials" finished-at="2020-08-14T18:12:19 UYT" duration-ms="16977" status="PASS">
          <reporter-output>
          </reporter-output>
        </test-method> <!-- correctCredentials -->
      </class> <!-- Tests.LoginTest -->
    </test> <!-- Default test -->
  </suite> <!-- Default suite -->
</testng-results>
