<?xml version="1.0" encoding="UTF-8"?>
<testng-results ignored="0" total="1" passed="1" failed="0" skipped="0">
  <reporter-output>
  </reporter-output>
  <suite started-at="2020-08-11T15:21:30 UYT" name="Default suite" finished-at="2020-08-11T15:21:56 UYT" duration-ms="25734">
    <groups>
    </groups>
    <test started-at="2020-08-11T15:21:30 UYT" name="Default test" finished-at="2020-08-11T15:21:56 UYT" duration-ms="25734">
      <class name="Tests.ValidationRuleTest">
        <test-method is-config="true" signature="initValidationRuleProperties()[pri:0, instance:Tests.ValidationRuleTest@79b06cab]" started-at="2020-08-11T15:21:30 UYT" name="initValidationRuleProperties" finished-at="2020-08-11T15:21:30 UYT" duration-ms="8" status="PASS">
          <reporter-output>
          </reporter-output>
        </test-method> <!-- initValidationRuleProperties -->
        <test-method is-config="true" signature="initializeDriverAndLoginPage()[pri:0, instance:Tests.ValidationRuleTest@79b06cab]" started-at="2020-08-11T15:21:30 UYT" name="initializeDriverAndLoginPage" finished-at="2020-08-11T15:21:51 UYT" duration-ms="21068" status="PASS">
          <reporter-output>
          </reporter-output>
        </test-method> <!-- initializeDriverAndLoginPage -->
        <test-method signature="noRequiredField()[pri:0, instance:Tests.ValidationRuleTest@79b06cab]" started-at="2020-08-11T15:21:51 UYT" name="noRequiredField" finished-at="2020-08-11T15:21:56 UYT" duration-ms="4625" status="PASS">
          <reporter-output>
          </reporter-output>
        </test-method> <!-- noRequiredField -->
        <test-method is-config="true" signature="closeDriver()[pri:0, instance:Tests.ValidationRuleTest@79b06cab]" started-at="2020-08-11T15:21:56 UYT" name="closeDriver" finished-at="2020-08-11T15:21:56 UYT" duration-ms="0" status="PASS">
          <reporter-output>
          </reporter-output>
        </test-method> <!-- closeDriver -->
      </class> <!-- Tests.ValidationRuleTest -->
    </test> <!-- Default test -->
  </suite> <!-- Default suite -->
</testng-results>
