<?xml version="1.0" encoding="UTF-8"?>
<testng-results skipped="0" failed="0" ignored="0" total="3" passed="3">
  <reporter-output>
  </reporter-output>
  <suite name="Default suite" duration-ms="48242" started-at="2020-08-07T19:46:15 UYT" finished-at="2020-08-07T19:47:03 UYT">
    <groups>
    </groups>
    <test name="Default test" duration-ms="48242" started-at="2020-08-07T19:46:15 UYT" finished-at="2020-08-07T19:47:03 UYT">
      <class name="Tests.LoginTest">
        <test-method status="PASS" signature="initializeProperties()[pri:0, instance:Tests.LoginTest@78e67e0a]" name="initializeProperties" is-config="true" duration-ms="16" started-at="2020-08-07T19:46:15 UYT" finished-at="2020-08-07T19:46:15 UYT">
          <reporter-output>
          </reporter-output>
        </test-method> <!-- initializeProperties -->
        <test-method status="PASS" signature="InitializeDriverAndLoginPage()[pri:0, instance:Tests.LoginTest@78e67e0a]" name="InitializeDriverAndLoginPage" is-config="true" duration-ms="11142" started-at="2020-08-07T19:46:15 UYT" finished-at="2020-08-07T19:46:26 UYT">
          <reporter-output>
          </reporter-output>
        </test-method> <!-- InitializeDriverAndLoginPage -->
        <test-method status="PASS" signature="correctCredentials()[pri:0, instance:Tests.LoginTest@78e67e0a]" name="correctCredentials" duration-ms="3822" started-at="2020-08-07T19:46:26 UYT" finished-at="2020-08-07T19:46:30 UYT">
          <reporter-output>
          </reporter-output>
        </test-method> <!-- correctCredentials -->
        <test-method status="PASS" signature="CloseDriver()[pri:0, instance:Tests.LoginTest@78e67e0a]" name="CloseDriver" is-config="true" duration-ms="5938" started-at="2020-08-07T19:46:30 UYT" finished-at="2020-08-07T19:46:36 UYT">
          <reporter-output>
          </reporter-output>
        </test-method> <!-- CloseDriver -->
        <test-method status="PASS" signature="InitializeDriverAndLoginPage()[pri:0, instance:Tests.LoginTest@78e67e0a]" name="InitializeDriverAndLoginPage" is-config="true" duration-ms="5605" started-at="2020-08-07T19:46:36 UYT" finished-at="2020-08-07T19:46:42 UYT">
          <reporter-output>
          </reporter-output>
        </test-method> <!-- InitializeDriverAndLoginPage -->
        <test-method status="PASS" signature="noPassword()[pri:0, instance:Tests.LoginTest@78e67e0a]" name="noPassword" duration-ms="1197" started-at="2020-08-07T19:46:42 UYT" finished-at="2020-08-07T19:46:43 UYT">
          <reporter-output>
          </reporter-output>
        </test-method> <!-- noPassword -->
        <test-method status="PASS" signature="CloseDriver()[pri:0, instance:Tests.LoginTest@78e67e0a]" name="CloseDriver" is-config="true" duration-ms="6769" started-at="2020-08-07T19:46:43 UYT" finished-at="2020-08-07T19:46:50 UYT">
          <reporter-output>
          </reporter-output>
        </test-method> <!-- CloseDriver -->
        <test-method status="PASS" signature="InitializeDriverAndLoginPage()[pri:0, instance:Tests.LoginTest@78e67e0a]" name="InitializeDriverAndLoginPage" is-config="true" duration-ms="6335" started-at="2020-08-07T19:46:50 UYT" finished-at="2020-08-07T19:46:56 UYT">
          <reporter-output>
          </reporter-output>
        </test-method> <!-- InitializeDriverAndLoginPage -->
        <test-method status="PASS" signature="wrongCredentials()[pri:0, instance:Tests.LoginTest@78e67e0a]" name="wrongCredentials" duration-ms="1695" started-at="2020-08-07T19:46:56 UYT" finished-at="2020-08-07T19:46:58 UYT">
          <reporter-output>
          </reporter-output>
        </test-method> <!-- wrongCredentials -->
        <test-method status="PASS" signature="CloseDriver()[pri:0, instance:Tests.LoginTest@78e67e0a]" name="CloseDriver" is-config="true" duration-ms="5652" started-at="2020-08-07T19:46:58 UYT" finished-at="2020-08-07T19:47:03 UYT">
          <reporter-output>
          </reporter-output>
        </test-method> <!-- CloseDriver -->
      </class> <!-- Tests.LoginTest -->
    </test> <!-- Default test -->
  </suite> <!-- Default suite -->
</testng-results>
