<?xml version="1.0" encoding="UTF-8"?>
<testng-results skipped="0" failed="0" ignored="2" total="6" passed="4">
  <reporter-output>
  </reporter-output>
  <suite name="Suite" duration-ms="43870" started-at="2020-08-14T12:27:15 UYT" finished-at="2020-08-14T12:27:59 UYT">
    <groups>
      <group name="Non-Funtional">
        <method signature="LoginTest.noPassword()[pri:0, instance:Tests.LoginTest@4d50efb8]" name="noPassword" class="Tests.LoginTest"/>
        <method signature="LoginTest.wrongCredentials()[pri:0, instance:Tests.LoginTest@4d50efb8]" name="wrongCredentials" class="Tests.LoginTest"/>
        <method signature="ValidationRuleTest.noRequiredField()[pri:0, instance:Tests.ValidationRuleTest@467aecef]" name="noRequiredField" class="Tests.ValidationRuleTest"/>
        <method signature="ValidationRuleTest.wrongFormulaText()[pri:0, instance:Tests.ValidationRuleTest@467aecef]" name="wrongFormulaText" class="Tests.ValidationRuleTest"/>
      </group> <!-- Non-Funtional -->
    </groups>
    <test name="Test" duration-ms="43870" started-at="2020-08-14T12:27:15 UYT" finished-at="2020-08-14T12:27:59 UYT">
      <class name="Tests.ValidationRuleTest">
        <test-method status="PASS" signature="initValidationRuleProperties()[pri:0, instance:Tests.ValidationRuleTest@467aecef]" name="initValidationRuleProperties" is-config="true" duration-ms="17" started-at="2020-08-14T12:27:15 UYT" finished-at="2020-08-14T12:27:15 UYT">
          <reporter-output>
          </reporter-output>
        </test-method> <!-- initValidationRuleProperties -->
        <test-method status="PASS" signature="wrongFormulaText()[pri:0, instance:Tests.ValidationRuleTest@467aecef]" name="wrongFormulaText" duration-ms="43807" started-at="2020-08-14T12:27:15 UYT" finished-at="2020-08-14T12:27:59 UYT">
          <reporter-output>
          </reporter-output>
        </test-method> <!-- wrongFormulaText -->
        <test-method status="PASS" signature="noRequiredField()[pri:0, instance:Tests.ValidationRuleTest@467aecef]" name="noRequiredField" duration-ms="43273" started-at="2020-08-14T12:27:15 UYT" finished-at="2020-08-14T12:27:59 UYT">
          <reporter-output>
          </reporter-output>
        </test-method> <!-- noRequiredField -->
      </class> <!-- Tests.ValidationRuleTest -->
      <class name="Tests.LoginTest">
        <test-method status="PASS" signature="wrongCredentials()[pri:0, instance:Tests.LoginTest@4d50efb8]" name="wrongCredentials" duration-ms="20982" started-at="2020-08-14T12:27:15 UYT" finished-at="2020-08-14T12:27:36 UYT">
          <reporter-output>
          </reporter-output>
        </test-method> <!-- wrongCredentials -->
        <test-method status="PASS" signature="noPassword()[pri:0, instance:Tests.LoginTest@4d50efb8]" name="noPassword" duration-ms="20350" started-at="2020-08-14T12:27:15 UYT" finished-at="2020-08-14T12:27:36 UYT">
          <reporter-output>
          </reporter-output>
        </test-method> <!-- noPassword -->
      </class> <!-- Tests.LoginTest -->
    </test> <!-- Test -->
  </suite> <!-- Suite -->
</testng-results>
