<?xml version="1.0" encoding="UTF-8"?>
<testng-results ignored="2" total="3" passed="1" failed="0" skipped="0">
  <reporter-output>
  </reporter-output>
  <suite started-at="2020-08-19T10:46:13 UYT" name="Default suite" finished-at="2020-08-19T10:46:46 UYT" duration-ms="32614">
    <groups>
      <group name="Funtional">
        <method signature="ValidationRuleTest.correctFilledFields()[pri:0, instance:Tests.ValidationRuleTest@4690b489]" name="correctFilledFields" class="Tests.ValidationRuleTest"/>
      </group> <!-- Funtional -->
      <group name="VRuleTest">
        <method signature="ValidationRuleTest.correctFilledFields()[pri:0, instance:Tests.ValidationRuleTest@4690b489]" name="correctFilledFields" class="Tests.ValidationRuleTest"/>
      </group> <!-- VRuleTest -->
    </groups>
    <test started-at="2020-08-19T10:46:13 UYT" name="Default test" finished-at="2020-08-19T10:46:46 UYT" duration-ms="32614">
      <class name="Tests.ValidationRuleTest">
        <test-method is-config="true" signature="initValidationRuleProperties()[pri:0, instance:Tests.ValidationRuleTest@4690b489]" started-at="2020-08-19T10:46:13 UYT" name="initValidationRuleProperties" finished-at="2020-08-19T10:46:13 UYT" duration-ms="8" status="PASS">
          <reporter-output>
          </reporter-output>
        </test-method> <!-- initValidationRuleProperties -->
        <test-method signature="correctFilledFields()[pri:0, instance:Tests.ValidationRuleTest@4690b489]" started-at="2020-08-19T10:46:13 UYT" name="correctFilledFields" finished-at="2020-08-19T10:46:46 UYT" duration-ms="32591" status="PASS">
          <reporter-output>
          </reporter-output>
        </test-method> <!-- correctFilledFields -->
      </class> <!-- Tests.ValidationRuleTest -->
    </test> <!-- Default test -->
  </suite> <!-- Default suite -->
</testng-results>
